<?xml version="1.0" encoding="UTF-8"?>
<!-- Generated by org.testng.reporters.JUnitXMLReporter -->
<testsuite ignored="0" hostname="IBM-5KMT2F3" failures="0" tests="4" name="Default test" time="3.564" errors="0" timestamp="2024-07-21T06:37:29 IST">
  <testcase classname="com.qa.opencart.tests.LoginPageTest" name="forgotPwdLinkExistTest" time="0.102"/>
  <testcase classname="com.qa.opencart.tests.LoginPageTest" name="loginPageTitleTest" time="0.015"/>
  <testcase classname="com.qa.opencart.tests.LoginPageTest" name="loginPageURLTest" time="0.027"/>
  <testcase classname="com.qa.opencart.tests.LoginPageTest" name="loginTest" time="0.517"/>
</testsuite> <!-- Default test -->
