<?xml version="1.0" encoding="UTF-8"?>
<testng-results ignored="0" total="4" passed="4" failed="0" skipped="0">
  <reporter-output>
  </reporter-output>
  <suite started-at="2024-07-21T06:37:25 IST" name="Default suite" finished-at="2024-07-21T06:37:28 IST" duration-ms="3564">
    <groups>
    </groups>
    <test started-at="2024-07-21T06:37:25 IST" name="Default test" finished-at="2024-07-21T06:37:28 IST" duration-ms="3564">
      <class name="com.qa.opencart.tests.LoginPageTest">
        <test-method is-config="true" signature="setup()[pri:0, instance:com.qa.opencart.tests.LoginPageTest@23202c31]" started-at="2024-07-21T06:37:25 IST" name="setup" finished-at="2024-07-21T06:37:28 IST" duration-ms="2685" status="PASS">
          <reporter-output>
          </reporter-output>
        </test-method> <!-- setup -->
        <test-method signature="forgotPwdLinkExistTest()[pri:0, instance:com.qa.opencart.tests.LoginPageTest@23202c31]" started-at="2024-07-21T06:37:28 IST" name="forgotPwdLinkExistTest" finished-at="2024-07-21T06:37:28 IST" duration-ms="102" status="PASS">
          <reporter-output>
          </reporter-output>
        </test-method> <!-- forgotPwdLinkExistTest -->
        <test-method signature="loginPageTitleTest()[pri:0, instance:com.qa.opencart.tests.LoginPageTest@23202c31]" started-at="2024-07-21T06:37:28 IST" name="loginPageTitleTest" finished-at="2024-07-21T06:37:28 IST" duration-ms="15" status="PASS">
          <reporter-output>
          </reporter-output>
        </test-method> <!-- loginPageTitleTest -->
        <test-method signature="loginPageURLTest()[pri:0, instance:com.qa.opencart.tests.LoginPageTest@23202c31]" started-at="2024-07-21T06:37:28 IST" name="loginPageURLTest" finished-at="2024-07-21T06:37:28 IST" duration-ms="27" status="PASS">
          <reporter-output>
          </reporter-output>
        </test-method> <!-- loginPageURLTest -->
        <test-method signature="loginTest()[pri:0, instance:com.qa.opencart.tests.LoginPageTest@23202c31]" started-at="2024-07-21T06:37:28 IST" name="loginTest" finished-at="2024-07-21T06:37:28 IST" duration-ms="517" status="PASS">
          <reporter-output>
          </reporter-output>
        </test-method> <!-- loginTest -->
        <test-method is-config="true" signature="tearDown()[pri:0, instance:com.qa.opencart.tests.LoginPageTest@23202c31]" started-at="2024-07-21T06:37:28 IST" name="tearDown" finished-at="2024-07-21T06:37:28 IST" duration-ms="2" status="PASS">
          <reporter-output>
          </reporter-output>
        </test-method> <!-- tearDown -->
      </class> <!-- com.qa.opencart.tests.LoginPageTest -->
    </test> <!-- Default test -->
  </suite> <!-- Default suite -->
</testng-results>
