<?xml version="1.0" encoding="UTF-8"?>
<testng-results ignored="0" total="4" passed="4" failed="0" skipped="0">
  <reporter-output>
  </reporter-output>
  <suite started-at="2024-07-21T18:24:31 IST" name="Default suite" finished-at="2024-07-21T18:24:37 IST" duration-ms="6393">
    <groups>
    </groups>
    <test started-at="2024-07-21T18:24:31 IST" name="Default test" finished-at="2024-07-21T18:24:37 IST" duration-ms="6393">
      <class name="com.qa.opencart.tests.AccountsPageTest">
        <test-method is-config="true" signature="setup()[pri:0, instance:com.qa.opencart.tests.AccountsPageTest@2aeefcc]" started-at="2024-07-21T18:24:31 IST" name="setup" finished-at="2024-07-21T18:24:36 IST" duration-ms="4781" status="PASS">
          <reporter-output>
          </reporter-output>
        </test-method> <!-- setup -->
        <test-method is-config="true" signature="accPageSetup()[pri:0, instance:com.qa.opencart.tests.AccountsPageTest@2aeefcc]" started-at="2024-07-21T18:24:36 IST" name="accPageSetup" finished-at="2024-07-21T18:24:36 IST" duration-ms="749" status="PASS">
          <reporter-output>
          </reporter-output>
        </test-method> <!-- accPageSetup -->
        <test-method signature="accPageHeadersTest()[pri:0, instance:com.qa.opencart.tests.AccountsPageTest@2aeefcc]" started-at="2024-07-21T18:24:36 IST" name="accPageHeadersTest" finished-at="2024-07-21T18:24:37 IST" duration-ms="161" status="PASS">
          <reporter-output>
          </reporter-output>
        </test-method> <!-- accPageHeadersTest -->
        <test-method signature="accPageTitleTest()[pri:0, instance:com.qa.opencart.tests.AccountsPageTest@2aeefcc]" started-at="2024-07-21T18:24:37 IST" name="accPageTitleTest" finished-at="2024-07-21T18:24:37 IST" duration-ms="16" status="PASS">
          <reporter-output>
          </reporter-output>
        </test-method> <!-- accPageTitleTest -->
        <test-method signature="accPageURLTest()[pri:0, instance:com.qa.opencart.tests.AccountsPageTest@2aeefcc]" started-at="2024-07-21T18:24:37 IST" name="accPageURLTest" finished-at="2024-07-21T18:24:37 IST" duration-ms="18" status="PASS">
          <reporter-output>
          </reporter-output>
        </test-method> <!-- accPageURLTest -->
        <test-method signature="isLogoutLinkExistTest()[pri:0, instance:com.qa.opencart.tests.AccountsPageTest@2aeefcc]" started-at="2024-07-21T18:24:37 IST" name="isLogoutLinkExistTest" finished-at="2024-07-21T18:24:37 IST" duration-ms="62" status="PASS">
          <reporter-output>
          </reporter-output>
        </test-method> <!-- isLogoutLinkExistTest -->
        <test-method is-config="true" signature="tearDown()[pri:0, instance:com.qa.opencart.tests.AccountsPageTest@2aeefcc]" started-at="2024-07-21T18:24:37 IST" name="tearDown" finished-at="2024-07-21T18:24:37 IST" duration-ms="354" status="PASS">
          <reporter-output>
          </reporter-output>
        </test-method> <!-- tearDown -->
      </class> <!-- com.qa.opencart.tests.AccountsPageTest -->
    </test> <!-- Default test -->
  </suite> <!-- Default suite -->
</testng-results>
